

Started GET "/" for ::1 at 2016-04-27 10:57:02 -0400
Processing by TournamentsController#index as HTML
  Rendered tournaments/index.html.erb within layouts/application (28.7ms)
Completed 200 OK in 982ms (Views: 981.6ms | ActiveRecord: 0.0ms)


Started GET "/assets/bootstrap.self-f483ac3b88e1e3370077b698c09eeccfa05db3d0e26a303a9067085517dd829c.css?body=1" for ::1 at 2016-04-27 10:57:04 -0400


Started GET "/assets/tournaments.self-6d2bc1e9c564bdadff8dd9ed601cd16cfebad46dc4033dfdd3055345a9cddc26.css?body=1" for ::1 at 2016-04-27 10:57:04 -0400


Started GET "/assets/application.self-d885a0a66bd595c10edb24f8879f94e334d88be0730c4d7c7a7b57c731c09037.css?body=1" for ::1 at 2016-04-27 10:57:04 -0400


Started GET "/assets/jquery_readyselector.self-e8333e4cf02799551960a3d4743eee34a3486889bfb9339716ea7deafb7b5224.js?body=1" for ::1 at 2016-04-27 10:57:04 -0400


Started GET "/assets/jquery_ujs.self-d602bdfe68ffc63b9f9cc512872aa3cfff046228a0a36e90dd476e8ef54c1b09.js?body=1" for ::1 at 2016-04-27 10:57:04 -0400


Started GET "/assets/jquery.self-c64a74367bda6ef8b860f19e74df08927ca99d2be2ac934e9e92d5fd361e0da4.js?body=1" for ::1 at 2016-04-27 10:57:04 -0400


Started GET "/assets/bootstrap.self-2bbd2c0465f01b1f8270958ddfc2e62a08915f295a35d22df2971eb936cf3c64.js?body=1" for ::1 at 2016-04-27 10:57:04 -0400


Started GET "/assets/build-error-html.self-5fe653b6c12fee9832fa0fde9c3a201b39d4d2e094ffa0494e4545c21260ac84.js?body=1" for ::1 at 2016-04-27 10:57:04 -0400


Started GET "/assets/tournament-new.self-2c228e2bdf8deb82248a753ebacc70a5d3d96d93e3c6ce75639cf3e4387f9bfd.js?body=1" for ::1 at 2016-04-27 10:57:04 -0400


Started GET "/assets/build-tourney-html.self-ad498f66a5be7bd61752052559cec3db8f612030f0769e16a0b2e8da7a5752fd.js?body=1" for ::1 at 2016-04-27 10:57:04 -0400


Started GET "/assets/build-tourney-list-html.self-b543f1c45e64cf6131722a6793a5c941c6738105abbc7cd54724623b02630080.js?body=1" for ::1 at 2016-04-27 10:57:04 -0400


Started GET "/assets/tournaments-index.self-ae549ecf426b408499148430bdede6fc35266bac623ed81d5d000e12363a181a.js?body=1" for ::1 at 2016-04-27 10:57:04 -0400


Started GET "/assets/application.self-f8806224e027f3e3f0138ea9ce99319e298dfdb323304d1f1be6eae8e8c74724.js?body=1" for ::1 at 2016-04-27 10:57:04 -0400


Started GET "/assets/tournaments.self-d8ac4eba90c65f43025ec5fba60840863af26310beecab62c6e2983dc07953f9.js?body=1" for ::1 at 2016-04-27 10:57:04 -0400


Started GET "/api/tournaments.json" for ::1 at 2016-04-27 10:57:04 -0400

ActionController::RoutingError (No route matches [GET] "/api/tournaments.json"):
  actionpack (4.2.1) lib/action_dispatch/middleware/debug_exceptions.rb:21:in `call'
  web-console (2.3.0) lib/web_console/middleware.rb:28:in `block in call'
  web-console (2.3.0) lib/web_console/middleware.rb:18:in `catch'
  web-console (2.3.0) lib/web_console/middleware.rb:18:in `call'
  actionpack (4.2.1) lib/action_dispatch/middleware/show_exceptions.rb:30:in `call'
  railties (4.2.1) lib/rails/rack/logger.rb:38:in `call_app'
  railties (4.2.1) lib/rails/rack/logger.rb:20:in `block in call'
  activesupport (4.2.1) lib/active_support/tagged_logging.rb:68:in `block in tagged'
  activesupport (4.2.1) lib/active_support/tagged_logging.rb:26:in `tagged'
  activesupport (4.2.1) lib/active_support/tagged_logging.rb:68:in `tagged'
  railties (4.2.1) lib/rails/rack/logger.rb:20:in `call'
  actionpack (4.2.1) lib/action_dispatch/middleware/request_id.rb:21:in `call'
  rack (1.6.4) lib/rack/methodoverride.rb:22:in `call'
  rack (1.6.4) lib/rack/runtime.rb:18:in `call'
  activesupport (4.2.1) lib/active_support/cache/strategy/local_cache_middleware.rb:28:in `call'
  rack (1.6.4) lib/rack/lock.rb:17:in `call'
  actionpack (4.2.1) lib/action_dispatch/middleware/static.rb:113:in `call'
  rack (1.6.4) lib/rack/sendfile.rb:113:in `call'
  railties (4.2.1) lib/rails/engine.rb:518:in `call'
  railties (4.2.1) lib/rails/application.rb:164:in `call'
  rack (1.6.4) lib/rack/lock.rb:17:in `call'
  rack (1.6.4) lib/rack/content_length.rb:15:in `call'
  rack (1.6.4) lib/rack/handler/webrick.rb:88:in `service'
  /Users/josh/.rbenv/versions/2.2.2/lib/ruby/2.2.0/webrick/httpserver.rb:138:in `service'
  /Users/josh/.rbenv/versions/2.2.2/lib/ruby/2.2.0/webrick/httpserver.rb:94:in `run'
  /Users/josh/.rbenv/versions/2.2.2/lib/ruby/2.2.0/webrick/server.rb:294:in `block in start_thread'


  Rendered /Users/josh/.rbenv/versions/2.2.2/lib/ruby/gems/2.2.0/gems/actionpack-4.2.1/lib/action_dispatch/middleware/templates/rescues/_trace.text.erb (0.6ms)
  Rendered /Users/josh/.rbenv/versions/2.2.2/lib/ruby/gems/2.2.0/gems/actionpack-4.2.1/lib/action_dispatch/middleware/templates/rescues/routing_error.text.erb (31.5ms)


Started GET "/assets/bootstrap.css.map" for ::1 at 2016-04-27 10:57:08 -0400
  [1m[36m (1.1ms)[0m  [1mCREATE TABLE "schema_migrations" ("version" varchar NOT NULL) [0m
  [1m[35m (0.1ms)[0m  select sqlite_version(*)
  [1m[36m (1.2ms)[0m  [1mCREATE UNIQUE INDEX "unique_schema_migrations" ON "schema_migrations" ("version")[0m
  [1m[35mActiveRecord::SchemaMigration Load (0.1ms)[0m  SELECT "schema_migrations".* FROM "schema_migrations"
  [1m[36mActiveRecord::SchemaMigration Load (0.1ms)[0m  [1mSELECT "schema_migrations".* FROM "schema_migrations"[0m


Started GET "/" for ::1 at 2016-07-18 17:31:41 +0200
Processing by TournamentsController#index as HTML
  Rendered tournaments/index.html.erb within layouts/application (11.5ms)
Completed 200 OK in 1189ms (Views: 1188.9ms | ActiveRecord: 0.0ms)


Started GET "/assets/jquery.self-c64a74367bda6ef8b860f19e74df08927ca99d2be2ac934e9e92d5fd361e0da4.js?body=1" for ::1 at 2016-07-18 17:31:42 +0200


Started GET "/assets/tournaments.self-f1d54dbf1067216296f8c62cd0d769d2be51dbf4a953369232f3807386d7c07b.css?body=1" for ::1 at 2016-07-18 17:31:42 +0200


Started GET "/assets/bootstrap.self-2bbd2c0465f01b1f8270958ddfc2e62a08915f295a35d22df2971eb936cf3c64.js?body=1" for ::1 at 2016-07-18 17:31:42 +0200


Started GET "/assets/build-error-html.self-5fe653b6c12fee9832fa0fde9c3a201b39d4d2e094ffa0494e4545c21260ac84.js?body=1" for ::1 at 2016-07-18 17:31:42 +0200


Started GET "/assets/jquery_ujs.self-d602bdfe68ffc63b9f9cc512872aa3cfff046228a0a36e90dd476e8ef54c1b09.js?body=1" for ::1 at 2016-07-18 17:31:42 +0200


Started GET "/assets/build-tourney-html.self-ad498f66a5be7bd61752052559cec3db8f612030f0769e16a0b2e8da7a5752fd.js?body=1" for ::1 at 2016-07-18 17:31:42 +0200


Started GET "/assets/application.self-d885a0a66bd595c10edb24f8879f94e334d88be0730c4d7c7a7b57c731c09037.css?body=1" for ::1 at 2016-07-18 17:31:42 +0200


Started GET "/assets/tournaments-index.self-ae549ecf426b408499148430bdede6fc35266bac623ed81d5d000e12363a181a.js?body=1" for ::1 at 2016-07-18 17:31:42 +0200


Started GET "/assets/bootstrap.self-f483ac3b88e1e3370077b698c09eeccfa05db3d0e26a303a9067085517dd829c.css?body=1" for ::1 at 2016-07-18 17:31:42 +0200


Started GET "/assets/build-tourney-list-html.self-b543f1c45e64cf6131722a6793a5c941c6738105abbc7cd54724623b02630080.js?body=1" for ::1 at 2016-07-18 17:31:42 +0200


Started GET "/assets/tournament-new.self-2c228e2bdf8deb82248a753ebacc70a5d3d96d93e3c6ce75639cf3e4387f9bfd.js?body=1" for ::1 at 2016-07-18 17:31:42 +0200


Started GET "/assets/jquery_readyselector.self-e8333e4cf02799551960a3d4743eee34a3486889bfb9339716ea7deafb7b5224.js?body=1" for ::1 at 2016-07-18 17:31:42 +0200


Started GET "/assets/tournaments.self-d8ac4eba90c65f43025ec5fba60840863af26310beecab62c6e2983dc07953f9.js?body=1" for ::1 at 2016-07-18 17:31:42 +0200


Started GET "/assets/application.self-f8806224e027f3e3f0138ea9ce99319e298dfdb323304d1f1be6eae8e8c74724.js?body=1" for ::1 at 2016-07-18 17:31:42 +0200


Started GET "/api/tournaments.json" for ::1 at 2016-07-18 17:31:42 +0200

ActionController::RoutingError (No route matches [GET] "/api/tournaments.json"):
  actionpack (4.2.1) lib/action_dispatch/middleware/debug_exceptions.rb:21:in `call'
  web-console (2.3.0) lib/web_console/middleware.rb:28:in `block in call'
  web-console (2.3.0) lib/web_console/middleware.rb:18:in `catch'
  web-console (2.3.0) lib/web_console/middleware.rb:18:in `call'
  actionpack (4.2.1) lib/action_dispatch/middleware/show_exceptions.rb:30:in `call'
  railties (4.2.1) lib/rails/rack/logger.rb:38:in `call_app'
  railties (4.2.1) lib/rails/rack/logger.rb:20:in `block in call'
  activesupport (4.2.1) lib/active_support/tagged_logging.rb:68:in `block in tagged'
  activesupport (4.2.1) lib/active_support/tagged_logging.rb:26:in `tagged'
  activesupport (4.2.1) lib/active_support/tagged_logging.rb:68:in `tagged'
  railties (4.2.1) lib/rails/rack/logger.rb:20:in `call'
  actionpack (4.2.1) lib/action_dispatch/middleware/request_id.rb:21:in `call'
  rack (1.6.4) lib/rack/methodoverride.rb:22:in `call'
  rack (1.6.4) lib/rack/runtime.rb:18:in `call'
  activesupport (4.2.1) lib/active_support/cache/strategy/local_cache_middleware.rb:28:in `call'
  rack (1.6.4) lib/rack/lock.rb:17:in `call'
  actionpack (4.2.1) lib/action_dispatch/middleware/static.rb:113:in `call'
  rack (1.6.4) lib/rack/sendfile.rb:113:in `call'
  railties (4.2.1) lib/rails/engine.rb:518:in `call'
  railties (4.2.1) lib/rails/application.rb:164:in `call'
  rack (1.6.4) lib/rack/lock.rb:17:in `call'
  rack (1.6.4) lib/rack/content_length.rb:15:in `call'
  rack (1.6.4) lib/rack/handler/webrick.rb:88:in `service'
  /Users/javogel/.rvm/rubies/ruby-2.2.2/lib/ruby/2.2.0/webrick/httpserver.rb:138:in `service'
  /Users/javogel/.rvm/rubies/ruby-2.2.2/lib/ruby/2.2.0/webrick/httpserver.rb:94:in `run'
  /Users/javogel/.rvm/rubies/ruby-2.2.2/lib/ruby/2.2.0/webrick/server.rb:294:in `block in start_thread'


  Rendered /Users/javogel/.rvm/gems/ruby-2.2.2/gems/actionpack-4.2.1/lib/action_dispatch/middleware/templates/rescues/_trace.text.erb (1.0ms)
  Rendered /Users/javogel/.rvm/gems/ruby-2.2.2/gems/actionpack-4.2.1/lib/action_dispatch/middleware/templates/rescues/routing_error.text.erb (33.0ms)
  [1m[36mActiveRecord::SchemaMigration Load (0.1ms)[0m  [1mSELECT "schema_migrations".* FROM "schema_migrations"[0m
Migrating to CreateTournaments (20160718163546)
  [1m[35m (0.4ms)[0m  begin transaction
  [1m[36m (0.6ms)[0m  [1mCREATE TABLE "tournaments" ("id" INTEGER PRIMARY KEY AUTOINCREMENT NOT NULL, "name" varchar, "created_at" datetime NOT NULL, "updated_at" datetime NOT NULL) [0m
  [1m[35mSQL (0.3ms)[0m  INSERT INTO "schema_migrations" ("version") VALUES (?)  [["version", "20160718163546"]]
  [1m[36m (2.7ms)[0m  [1mcommit transaction[0m
Migrating to CreatePlayers (20160718163608)
  [1m[35m (0.1ms)[0m  begin transaction
  [1m[36m (0.6ms)[0m  [1mCREATE TABLE "players" ("id" INTEGER PRIMARY KEY AUTOINCREMENT NOT NULL, "name" varchar, "created_at" datetime NOT NULL, "updated_at" datetime NOT NULL) [0m
  [1m[35mSQL (0.2ms)[0m  INSERT INTO "schema_migrations" ("version") VALUES (?)  [["version", "20160718163608"]]
  [1m[36m (1.1ms)[0m  [1mcommit transaction[0m
Migrating to CreateRegistrations (20160718163628)
  [1m[35m (0.1ms)[0m  begin transaction
  [1m[36m (0.7ms)[0m  [1mCREATE TABLE "registrations" ("id" INTEGER PRIMARY KEY AUTOINCREMENT NOT NULL, "name" varchar, "created_at" datetime NOT NULL, "updated_at" datetime NOT NULL) [0m
  [1m[35mSQL (0.2ms)[0m  INSERT INTO "schema_migrations" ("version") VALUES (?)  [["version", "20160718163628"]]
  [1m[36m (1.5ms)[0m  [1mcommit transaction[0m
  [1m[35mActiveRecord::SchemaMigration Load (0.2ms)[0m  SELECT "schema_migrations".* FROM "schema_migrations"
  [1m[36mActiveRecord::SchemaMigration Load (0.1ms)[0m  [1mSELECT "schema_migrations".* FROM "schema_migrations"[0m
  [1m[35m (0.1ms)[0m  begin transaction
  [1m[36mSQL (0.5ms)[0m  [1mINSERT INTO "tournaments" ("name", "created_at", "updated_at") VALUES (?, ?, ?)[0m  [["name", "Golf"], ["created_at", "2016-07-18 17:12:56.289725"], ["updated_at", "2016-07-18 17:12:56.289725"]]
  [1m[35m (0.6ms)[0m  commit transaction
  [1m[36m (0.1ms)[0m  [1mbegin transaction[0m
  [1m[35mSQL (0.2ms)[0m  INSERT INTO "tournaments" ("name", "created_at", "updated_at") VALUES (?, ?, ?)  [["name", "Frisbee"], ["created_at", "2016-07-18 17:12:56.294523"], ["updated_at", "2016-07-18 17:12:56.294523"]]
  [1m[36m (0.8ms)[0m  [1mcommit transaction[0m
  [1m[35m (0.1ms)[0m  begin transaction
  [1m[36mSQL (0.2ms)[0m  [1mINSERT INTO "tournaments" ("name", "created_at", "updated_at") VALUES (?, ?, ?)[0m  [["name", "Tennis"], ["created_at", "2016-07-18 17:12:56.297466"], ["updated_at", "2016-07-18 17:12:56.297466"]]
  [1m[35m (0.7ms)[0m  commit transaction
  [1m[36m (0.0ms)[0m  [1mbegin transaction[0m
  [1m[35mSQL (0.3ms)[0m  INSERT INTO "tournaments" ("name", "created_at", "updated_at") VALUES (?, ?, ?)  [["name", "Maynard"], ["created_at", "2016-07-18 17:12:56.299949"], ["updated_at", "2016-07-18 17:12:56.299949"]]
  [1m[36m (0.9ms)[0m  [1mcommit transaction[0m
  [1m[35m (0.1ms)[0m  begin transaction
  [1m[36mSQL (1.4ms)[0m  [1mINSERT INTO "players" ("name", "created_at", "updated_at") VALUES (?, ?, ?)[0m  [["name", "Johannus"], ["created_at", "2016-07-18 17:12:56.313425"], ["updated_at", "2016-07-18 17:12:56.313425"]]
  [1m[35m (0.9ms)[0m  commit transaction
  [1m[36m (0.1ms)[0m  [1mbegin transaction[0m
  [1m[35mSQL (0.4ms)[0m  INSERT INTO "players" ("name", "created_at", "updated_at") VALUES (?, ?, ?)  [["name", "Alina"], ["created_at", "2016-07-18 17:12:56.318774"], ["updated_at", "2016-07-18 17:12:56.318774"]]
  [1m[36m (0.9ms)[0m  [1mcommit transaction[0m
  [1m[35m (0.1ms)[0m  begin transaction
  [1m[36mSQL (0.4ms)[0m  [1mINSERT INTO "players" ("name", "created_at", "updated_at") VALUES (?, ?, ?)[0m  [["name", "David"], ["created_at", "2016-07-18 17:12:56.322546"], ["updated_at", "2016-07-18 17:12:56.322546"]]
  [1m[35m (0.8ms)[0m  commit transaction
  [1m[36m (0.1ms)[0m  [1mbegin transaction[0m
  [1m[35mSQL (0.3ms)[0m  INSERT INTO "players" ("name", "created_at", "updated_at") VALUES (?, ?, ?)  [["name", "Valentine"], ["created_at", "2016-07-18 17:12:56.325790"], ["updated_at", "2016-07-18 17:12:56.325790"]]
  [1m[36m (0.8ms)[0m  [1mcommit transaction[0m
  [1m[36m (0.1ms)[0m  [1mbegin transaction[0m
  [1m[35mSQL (1.0ms)[0m  INSERT INTO "registrations" ("created_at", "updated_at") VALUES (?, ?)  [["created_at", "2016-07-18 17:13:21.879007"], ["updated_at", "2016-07-18 17:13:21.879007"]]
  [1m[36m (0.5ms)[0m  [1mcommit transaction[0m
  [1m[36m (3.0ms)[0m  [1mCREATE TABLE "schema_migrations" ("version" varchar NOT NULL) [0m
  [1m[35m (0.1ms)[0m  select sqlite_version(*)
  [1m[36m (2.3ms)[0m  [1mCREATE UNIQUE INDEX "unique_schema_migrations" ON "schema_migrations" ("version")[0m
  [1m[35mActiveRecord::SchemaMigration Load (0.6ms)[0m  SELECT "schema_migrations".* FROM "schema_migrations"
Migrating to CreateTournaments (20160718163546)
  [1m[36m (0.1ms)[0m  [1mbegin transaction[0m
  [1m[35m (0.6ms)[0m  CREATE TABLE "tournaments" ("id" INTEGER PRIMARY KEY AUTOINCREMENT NOT NULL, "name" varchar, "created_at" datetime NOT NULL, "updated_at" datetime NOT NULL) 
  [1m[36mSQL (0.3ms)[0m  [1mINSERT INTO "schema_migrations" ("version") VALUES (?)[0m  [["version", "20160718163546"]]
  [1m[35m (0.9ms)[0m  commit transaction
Migrating to CreatePlayers (20160718163608)
  [1m[36m (0.1ms)[0m  [1mbegin transaction[0m
  [1m[35m (0.5ms)[0m  CREATE TABLE "players" ("id" INTEGER PRIMARY KEY AUTOINCREMENT NOT NULL, "name" varchar, "created_at" datetime NOT NULL, "updated_at" datetime NOT NULL) 
  [1m[36mSQL (0.2ms)[0m  [1mINSERT INTO "schema_migrations" ("version") VALUES (?)[0m  [["version", "20160718163608"]]
  [1m[35m (0.9ms)[0m  commit transaction
Migrating to CreateRegistrations (20160718163628)
  [1m[36m (0.1ms)[0m  [1mbegin transaction[0m
  [1m[35m (0.8ms)[0m  CREATE TABLE "registrations" ("id" INTEGER PRIMARY KEY AUTOINCREMENT NOT NULL, "name" varchar, "created_at" datetime NOT NULL, "updated_at" datetime NOT NULL) 
  [1m[36mSQL (0.2ms)[0m  [1mINSERT INTO "schema_migrations" ("version") VALUES (?)[0m  [["version", "20160718163628"]]
  [1m[35m (1.0ms)[0m  commit transaction
  [1m[36mActiveRecord::SchemaMigration Load (0.2ms)[0m  [1mSELECT "schema_migrations".* FROM "schema_migrations"[0m
  [1m[36mActiveRecord::SchemaMigration Load (0.1ms)[0m  [1mSELECT "schema_migrations".* FROM "schema_migrations"[0m
  [1m[35m (0.1ms)[0m  begin transaction
  [1m[36mSQL (0.4ms)[0m  [1mINSERT INTO "tournaments" ("name", "created_at", "updated_at") VALUES (?, ?, ?)[0m  [["name", "Golf"], ["created_at", "2016-07-18 17:17:01.071048"], ["updated_at", "2016-07-18 17:17:01.071048"]]
  [1m[35m (2.0ms)[0m  commit transaction
  [1m[36m (0.1ms)[0m  [1mbegin transaction[0m
  [1m[35mSQL (0.3ms)[0m  INSERT INTO "tournaments" ("name", "created_at", "updated_at") VALUES (?, ?, ?)  [["name", "Frisbee"], ["created_at", "2016-07-18 17:17:01.077249"], ["updated_at", "2016-07-18 17:17:01.077249"]]
  [1m[36m (1.0ms)[0m  [1mcommit transaction[0m
  [1m[35m (0.0ms)[0m  begin transaction
  [1m[36mSQL (0.2ms)[0m  [1mINSERT INTO "tournaments" ("name", "created_at", "updated_at") VALUES (?, ?, ?)[0m  [["name", "Tennis"], ["created_at", "2016-07-18 17:17:01.079950"], ["updated_at", "2016-07-18 17:17:01.079950"]]
  [1m[35m (0.8ms)[0m  commit transaction
  [1m[36m (0.0ms)[0m  [1mbegin transaction[0m
  [1m[35mSQL (0.3ms)[0m  INSERT INTO "tournaments" ("name", "created_at", "updated_at") VALUES (?, ?, ?)  [["name", "Maynard"], ["created_at", "2016-07-18 17:17:01.082499"], ["updated_at", "2016-07-18 17:17:01.082499"]]
  [1m[36m (0.8ms)[0m  [1mcommit transaction[0m
  [1m[35m (0.1ms)[0m  begin transaction
  [1m[36mSQL (0.8ms)[0m  [1mINSERT INTO "players" ("name", "created_at", "updated_at") VALUES (?, ?, ?)[0m  [["name", "Johannus"], ["created_at", "2016-07-18 17:17:01.096479"], ["updated_at", "2016-07-18 17:17:01.096479"]]
  [1m[35m (3.0ms)[0m  commit transaction
  [1m[36m (0.1ms)[0m  [1mbegin transaction[0m
  [1m[35mSQL (0.4ms)[0m  INSERT INTO "players" ("name", "created_at", "updated_at") VALUES (?, ?, ?)  [["name", "Alina"], ["created_at", "2016-07-18 17:17:01.103563"], ["updated_at", "2016-07-18 17:17:01.103563"]]
  [1m[36m (0.9ms)[0m  [1mcommit transaction[0m
  [1m[35m (0.1ms)[0m  begin transaction
  [1m[36mSQL (0.8ms)[0m  [1mINSERT INTO "players" ("name", "created_at", "updated_at") VALUES (?, ?, ?)[0m  [["name", "David"], ["created_at", "2016-07-18 17:17:01.107276"], ["updated_at", "2016-07-18 17:17:01.107276"]]
  [1m[35m (1.0ms)[0m  commit transaction
  [1m[36m (0.1ms)[0m  [1mbegin transaction[0m
  [1m[35mSQL (0.4ms)[0m  INSERT INTO "players" ("name", "created_at", "updated_at") VALUES (?, ?, ?)  [["name", "Valentine"], ["created_at", "2016-07-18 17:17:01.111400"], ["updated_at", "2016-07-18 17:17:01.111400"]]
  [1m[36m (3.5ms)[0m  [1mcommit transaction[0m
  [1m[35m (0.1ms)[0m  begin transaction
  [1m[36m (0.1ms)[0m  [1mrollback transaction[0m
  [1m[36m (0.1ms)[0m  [1mbegin transaction[0m
  [1m[35mSQL (0.9ms)[0m  INSERT INTO "registrations" ("created_at", "updated_at") VALUES (?, ?)  [["created_at", "2016-07-18 17:18:43.405236"], ["updated_at", "2016-07-18 17:18:43.405236"]]
  [1m[36m (2.4ms)[0m  [1mcommit transaction[0m
  [1m[36m (2.7ms)[0m  [1mCREATE TABLE "schema_migrations" ("version" varchar NOT NULL) [0m
  [1m[35m (0.1ms)[0m  select sqlite_version(*)
  [1m[36m (1.0ms)[0m  [1mCREATE UNIQUE INDEX "unique_schema_migrations" ON "schema_migrations" ("version")[0m
  [1m[35mActiveRecord::SchemaMigration Load (0.2ms)[0m  SELECT "schema_migrations".* FROM "schema_migrations"
Migrating to CreateTournaments (20160718163546)
  [1m[36m (0.1ms)[0m  [1mbegin transaction[0m
  [1m[35m (0.6ms)[0m  CREATE TABLE "tournaments" ("id" INTEGER PRIMARY KEY AUTOINCREMENT NOT NULL, "name" varchar, "created_at" datetime NOT NULL, "updated_at" datetime NOT NULL) 
  [1m[36mSQL (0.3ms)[0m  [1mINSERT INTO "schema_migrations" ("version") VALUES (?)[0m  [["version", "20160718163546"]]
  [1m[35m (0.9ms)[0m  commit transaction
Migrating to CreatePlayers (20160718163608)
  [1m[36m (0.1ms)[0m  [1mbegin transaction[0m
  [1m[35m (0.6ms)[0m  CREATE TABLE "players" ("id" INTEGER PRIMARY KEY AUTOINCREMENT NOT NULL, "name" varchar, "created_at" datetime NOT NULL, "updated_at" datetime NOT NULL) 
  [1m[36mSQL (0.2ms)[0m  [1mINSERT INTO "schema_migrations" ("version") VALUES (?)[0m  [["version", "20160718163608"]]
  [1m[35m (0.9ms)[0m  commit transaction
Migrating to CreateRegistrations (20160718163628)
  [1m[36m (0.1ms)[0m  [1mbegin transaction[0m
  [1m[35m (0.5ms)[0m  CREATE TABLE "registrations" ("id" INTEGER PRIMARY KEY AUTOINCREMENT NOT NULL, "name" varchar, "created_at" datetime NOT NULL, "updated_at" datetime NOT NULL) 
  [1m[36mSQL (0.2ms)[0m  [1mINSERT INTO "schema_migrations" ("version") VALUES (?)[0m  [["version", "20160718163628"]]
  [1m[35m (0.8ms)[0m  commit transaction
  [1m[36mActiveRecord::SchemaMigration Load (0.1ms)[0m  [1mSELECT "schema_migrations".* FROM "schema_migrations"[0m
  [1m[36m (3.4ms)[0m  [1mCREATE TABLE "schema_migrations" ("version" varchar NOT NULL) [0m
  [1m[35m (0.1ms)[0m  select sqlite_version(*)
  [1m[36m (1.0ms)[0m  [1mCREATE UNIQUE INDEX "unique_schema_migrations" ON "schema_migrations" ("version")[0m
  [1m[35mActiveRecord::SchemaMigration Load (0.1ms)[0m  SELECT "schema_migrations".* FROM "schema_migrations"
Migrating to CreateTournaments (20160718163546)
  [1m[36m (0.1ms)[0m  [1mbegin transaction[0m
  [1m[35m (0.6ms)[0m  CREATE TABLE "tournaments" ("id" INTEGER PRIMARY KEY AUTOINCREMENT NOT NULL, "name" varchar, "created_at" datetime NOT NULL, "updated_at" datetime NOT NULL) 
  [1m[36mSQL (0.4ms)[0m  [1mINSERT INTO "schema_migrations" ("version") VALUES (?)[0m  [["version", "20160718163546"]]
  [1m[35m (0.9ms)[0m  commit transaction
Migrating to CreatePlayers (20160718163608)
  [1m[36m (0.1ms)[0m  [1mbegin transaction[0m
  [1m[35m (0.5ms)[0m  CREATE TABLE "players" ("id" INTEGER PRIMARY KEY AUTOINCREMENT NOT NULL, "name" varchar, "created_at" datetime NOT NULL, "updated_at" datetime NOT NULL) 
  [1m[36mSQL (0.2ms)[0m  [1mINSERT INTO "schema_migrations" ("version") VALUES (?)[0m  [["version", "20160718163608"]]
  [1m[35m (0.8ms)[0m  commit transaction
Migrating to CreateRegistrations (20160718163628)
  [1m[36m (0.1ms)[0m  [1mbegin transaction[0m
  [1m[35m (0.5ms)[0m  CREATE TABLE "registrations" ("id" INTEGER PRIMARY KEY AUTOINCREMENT NOT NULL, "ingredient_id" integer, "sandwich_id" integer, "created_at" datetime NOT NULL, "updated_at" datetime NOT NULL) 
  [1m[36m (0.2ms)[0m  [1mCREATE  INDEX "index_registrations_on_ingredient_id" ON "registrations" ("ingredient_id")[0m
  [1m[35m (0.1ms)[0m              SELECT sql
            FROM sqlite_master
            WHERE name='index_registrations_on_ingredient_id' AND type='index'
            UNION ALL
            SELECT sql
            FROM sqlite_temp_master
            WHERE name='index_registrations_on_ingredient_id' AND type='index'

  [1m[36m (0.2ms)[0m  [1mCREATE  INDEX "index_registrations_on_sandwich_id" ON "registrations" ("sandwich_id")[0m
  [1m[35mSQL (0.2ms)[0m  INSERT INTO "schema_migrations" ("version") VALUES (?)  [["version", "20160718163628"]]
  [1m[36m (0.9ms)[0m  [1mcommit transaction[0m
  [1m[35mActiveRecord::SchemaMigration Load (0.1ms)[0m  SELECT "schema_migrations".* FROM "schema_migrations"
  [1m[36m (0.2ms)[0m  [1m            SELECT sql
            FROM sqlite_master
            WHERE name='index_registrations_on_sandwich_id' AND type='index'
            UNION ALL
            SELECT sql
            FROM sqlite_temp_master
            WHERE name='index_registrations_on_sandwich_id' AND type='index'
[0m
  [1m[35m (0.1ms)[0m              SELECT sql
            FROM sqlite_master
            WHERE name='index_registrations_on_ingredient_id' AND type='index'
            UNION ALL
            SELECT sql
            FROM sqlite_temp_master
            WHERE name='index_registrations_on_ingredient_id' AND type='index'



Started GET "/" for ::1 at 2016-07-18 19:44:01 +0200
  [1m[36mActiveRecord::SchemaMigration Load (0.1ms)[0m  [1mSELECT "schema_migrations".* FROM "schema_migrations"[0m
Processing by TournamentsController#index as HTML
  Rendered tournaments/index.html.erb within layouts/application (14.8ms)
Completed 200 OK in 334ms (Views: 333.2ms | ActiveRecord: 0.0ms)


Started GET "/api/tournaments.json" for ::1 at 2016-07-18 19:44:02 +0200
Processing by TournamentsController#jsonindex as JSON
Completed 500 Internal Server Error in 2ms (ActiveRecord: 0.0ms)

NameError (uninitialized constant TournamentsController::Tournaments):
  app/controllers/tournaments_controller.rb:7:in `jsonindex'


  Rendered /Users/javogel/.rvm/gems/ruby-2.2.2/gems/actionpack-4.2.1/lib/action_dispatch/middleware/templates/rescues/_source.erb (5.2ms)
  Rendered /Users/javogel/.rvm/gems/ruby-2.2.2/gems/actionpack-4.2.1/lib/action_dispatch/middleware/templates/rescues/_trace.text.erb (6.3ms)
  Rendered /Users/javogel/.rvm/gems/ruby-2.2.2/gems/actionpack-4.2.1/lib/action_dispatch/middleware/templates/rescues/_request_and_response.text.erb (3.5ms)
  Rendered /Users/javogel/.rvm/gems/ruby-2.2.2/gems/actionpack-4.2.1/lib/action_dispatch/middleware/templates/rescues/diagnostics.text.erb (162.3ms)


Started GET "/api/tournaments" for ::1 at 2016-07-18 19:44:05 +0200
Processing by TournamentsController#jsonindex as HTML
Completed 500 Internal Server Error in 2ms (ActiveRecord: 0.0ms)

NameError (uninitialized constant TournamentsController::Tournaments):
  app/controllers/tournaments_controller.rb:7:in `jsonindex'


  Rendered /Users/javogel/.rvm/gems/ruby-2.2.2/gems/actionpack-4.2.1/lib/action_dispatch/middleware/templates/rescues/_source.erb (7.1ms)
  Rendered /Users/javogel/.rvm/gems/ruby-2.2.2/gems/actionpack-4.2.1/lib/action_dispatch/middleware/templates/rescues/_trace.html.erb (5.1ms)
  Rendered /Users/javogel/.rvm/gems/ruby-2.2.2/gems/actionpack-4.2.1/lib/action_dispatch/middleware/templates/rescues/_request_and_response.html.erb (2.2ms)
  Rendered /Users/javogel/.rvm/gems/ruby-2.2.2/gems/actionpack-4.2.1/lib/action_dispatch/middleware/templates/rescues/diagnostics.html.erb within rescues/layout (70.0ms)
  Rendered /Users/javogel/.rvm/gems/ruby-2.2.2/gems/web-console-2.3.0/lib/web_console/templates/_markup.html.erb (1.0ms)
  Rendered /Users/javogel/.rvm/gems/ruby-2.2.2/gems/web-console-2.3.0/lib/web_console/templates/_inner_console_markup.html.erb within layouts/inlined_string (0.7ms)
  Rendered /Users/javogel/.rvm/gems/ruby-2.2.2/gems/web-console-2.3.0/lib/web_console/templates/_prompt_box_markup.html.erb within layouts/inlined_string (0.4ms)
  Rendered /Users/javogel/.rvm/gems/ruby-2.2.2/gems/web-console-2.3.0/lib/web_console/templates/style.css.erb within layouts/inlined_string (1.3ms)
  Rendered /Users/javogel/.rvm/gems/ruby-2.2.2/gems/web-console-2.3.0/lib/web_console/templates/console.js.erb within layouts/javascript (74.8ms)
  Rendered /Users/javogel/.rvm/gems/ruby-2.2.2/gems/web-console-2.3.0/lib/web_console/templates/main.js.erb within layouts/javascript (0.4ms)
  Rendered /Users/javogel/.rvm/gems/ruby-2.2.2/gems/web-console-2.3.0/lib/web_console/templates/error_page.js.erb within layouts/javascript (0.4ms)
  Rendered /Users/javogel/.rvm/gems/ruby-2.2.2/gems/web-console-2.3.0/lib/web_console/templates/index.html.erb (151.6ms)


Started GET "/api/tournaments" for ::1 at 2016-07-18 19:44:28 +0200
Processing by TournamentsController#jsonindex as HTML
  [1m[35mTournament Load (0.3ms)[0m  SELECT "tournaments".* FROM "tournaments"
Completed 200 OK in 8ms (Views: 0.8ms | ActiveRecord: 0.4ms)


Started GET "/api/tournaments.json" for ::1 at 2016-07-18 19:44:31 +0200
Processing by TournamentsController#jsonindex as JSON
  [1m[36mTournament Load (0.1ms)[0m  [1mSELECT "tournaments".* FROM "tournaments"[0m
Completed 200 OK in 1ms (Views: 0.3ms | ActiveRecord: 0.1ms)
  [1m[36m (3.9ms)[0m  [1mCREATE TABLE "schema_migrations" ("version" varchar NOT NULL) [0m
  [1m[35m (0.1ms)[0m  select sqlite_version(*)
  [1m[36m (1.5ms)[0m  [1mCREATE UNIQUE INDEX "unique_schema_migrations" ON "schema_migrations" ("version")[0m
  [1m[35mActiveRecord::SchemaMigration Load (0.1ms)[0m  SELECT "schema_migrations".* FROM "schema_migrations"
  [1m[36mActiveRecord::SchemaMigration Load (0.1ms)[0m  [1mSELECT "schema_migrations".* FROM "schema_migrations"[0m
Migrating to CreateTournaments (20160718163546)
  [1m[35m (0.1ms)[0m  begin transaction
  [1m[36m (0.6ms)[0m  [1mCREATE TABLE "tournaments" ("id" INTEGER PRIMARY KEY AUTOINCREMENT NOT NULL, "name" varchar, "created_at" datetime NOT NULL, "updated_at" datetime NOT NULL) [0m
  [1m[35mSQL (0.2ms)[0m  INSERT INTO "schema_migrations" ("version") VALUES (?)  [["version", "20160718163546"]]
  [1m[36m (2.7ms)[0m  [1mcommit transaction[0m
Migrating to CreatePlayers (20160718163608)
  [1m[35m (0.1ms)[0m  begin transaction
  [1m[36m (0.6ms)[0m  [1mCREATE TABLE "players" ("id" INTEGER PRIMARY KEY AUTOINCREMENT NOT NULL, "name" varchar, "created_at" datetime NOT NULL, "updated_at" datetime NOT NULL) [0m
  [1m[35mSQL (0.4ms)[0m  INSERT INTO "schema_migrations" ("version") VALUES (?)  [["version", "20160718163608"]]
  [1m[36m (1.2ms)[0m  [1mcommit transaction[0m
Migrating to CreateRegistrations (20160718163628)
  [1m[35m (0.1ms)[0m  begin transaction
  [1m[36m (0.6ms)[0m  [1mCREATE TABLE "registrations" ("id" INTEGER PRIMARY KEY AUTOINCREMENT NOT NULL, "tournament_id" integer, "player_id" integer, "created_at" datetime NOT NULL, "updated_at" datetime NOT NULL) [0m
  [1m[35m (0.5ms)[0m  select sqlite_version(*)
  [1m[36m (0.2ms)[0m  [1mCREATE  INDEX "index_registrations_on_tournament_id" ON "registrations" ("tournament_id")[0m
  [1m[35m (0.1ms)[0m              SELECT sql
            FROM sqlite_master
            WHERE name='index_registrations_on_tournament_id' AND type='index'
            UNION ALL
            SELECT sql
            FROM sqlite_temp_master
            WHERE name='index_registrations_on_tournament_id' AND type='index'

  [1m[36m (0.2ms)[0m  [1mCREATE  INDEX "index_registrations_on_player_id" ON "registrations" ("player_id")[0m
  [1m[35mSQL (0.2ms)[0m  INSERT INTO "schema_migrations" ("version") VALUES (?)  [["version", "20160718163628"]]
  [1m[36m (1.0ms)[0m  [1mcommit transaction[0m
  [1m[35mActiveRecord::SchemaMigration Load (0.2ms)[0m  SELECT "schema_migrations".* FROM "schema_migrations"
  [1m[36m (0.2ms)[0m  [1m            SELECT sql
            FROM sqlite_master
            WHERE name='index_registrations_on_player_id' AND type='index'
            UNION ALL
            SELECT sql
            FROM sqlite_temp_master
            WHERE name='index_registrations_on_player_id' AND type='index'
[0m
  [1m[35m (0.1ms)[0m              SELECT sql
            FROM sqlite_master
            WHERE name='index_registrations_on_tournament_id' AND type='index'
            UNION ALL
            SELECT sql
            FROM sqlite_temp_master
            WHERE name='index_registrations_on_tournament_id' AND type='index'

  [1m[36mActiveRecord::SchemaMigration Load (0.1ms)[0m  [1mSELECT "schema_migrations".* FROM "schema_migrations"[0m
  [1m[35m (0.1ms)[0m  begin transaction
  [1m[36mSQL (0.6ms)[0m  [1mINSERT INTO "tournaments" ("name", "created_at", "updated_at") VALUES (?, ?, ?)[0m  [["name", "Golf"], ["created_at", "2016-07-18 17:45:15.237168"], ["updated_at", "2016-07-18 17:45:15.237168"]]
  [1m[35m (2.0ms)[0m  commit transaction
  [1m[36m (0.1ms)[0m  [1mbegin transaction[0m
  [1m[35mSQL (0.3ms)[0m  INSERT INTO "tournaments" ("name", "created_at", "updated_at") VALUES (?, ?, ?)  [["name", "Frisbee"], ["created_at", "2016-07-18 17:45:15.244607"], ["updated_at", "2016-07-18 17:45:15.244607"]]
  [1m[36m (0.8ms)[0m  [1mcommit transaction[0m
  [1m[35m (0.0ms)[0m  begin transaction
  [1m[36mSQL (0.2ms)[0m  [1mINSERT INTO "tournaments" ("name", "created_at", "updated_at") VALUES (?, ?, ?)[0m  [["name", "Tennis"], ["created_at", "2016-07-18 17:45:15.247277"], ["updated_at", "2016-07-18 17:45:15.247277"]]
  [1m[35m (0.7ms)[0m  commit transaction
  [1m[36m (0.1ms)[0m  [1mbegin transaction[0m
  [1m[35mSQL (0.4ms)[0m  INSERT INTO "tournaments" ("name", "created_at", "updated_at") VALUES (?, ?, ?)  [["name", "Maynard"], ["created_at", "2016-07-18 17:45:15.249795"], ["updated_at", "2016-07-18 17:45:15.249795"]]
  [1m[36m (1.0ms)[0m  [1mcommit transaction[0m
  [1m[35m (0.1ms)[0m  begin transaction
  [1m[36mSQL (0.4ms)[0m  [1mINSERT INTO "players" ("name", "created_at", "updated_at") VALUES (?, ?, ?)[0m  [["name", "Johannus"], ["created_at", "2016-07-18 17:45:15.263428"], ["updated_at", "2016-07-18 17:45:15.263428"]]
  [1m[35m (0.7ms)[0m  commit transaction
  [1m[36m (0.0ms)[0m  [1mbegin transaction[0m
  [1m[35mSQL (0.3ms)[0m  INSERT INTO "players" ("name", "created_at", "updated_at") VALUES (?, ?, ?)  [["name", "Alina"], ["created_at", "2016-07-18 17:45:15.266300"], ["updated_at", "2016-07-18 17:45:15.266300"]]
  [1m[36m (0.7ms)[0m  [1mcommit transaction[0m
  [1m[35m (0.0ms)[0m  begin transaction
  [1m[36mSQL (0.2ms)[0m  [1mINSERT INTO "players" ("name", "created_at", "updated_at") VALUES (?, ?, ?)[0m  [["name", "David"], ["created_at", "2016-07-18 17:45:15.268833"], ["updated_at", "2016-07-18 17:45:15.268833"]]
  [1m[35m (1.0ms)[0m  commit transaction
  [1m[36m (0.1ms)[0m  [1mbegin transaction[0m
  [1m[35mSQL (0.5ms)[0m  INSERT INTO "players" ("name", "created_at", "updated_at") VALUES (?, ?, ?)  [["name", "Valentine"], ["created_at", "2016-07-18 17:45:15.272647"], ["updated_at", "2016-07-18 17:45:15.272647"]]
  [1m[36m (1.1ms)[0m  [1mcommit transaction[0m


Started GET "/api/tournaments.json" for ::1 at 2016-07-18 19:45:21 +0200
  [1m[36mActiveRecord::SchemaMigration Load (0.1ms)[0m  [1mSELECT "schema_migrations".* FROM "schema_migrations"[0m
Processing by TournamentsController#jsonindex as JSON
  [1m[35mTournament Load (0.2ms)[0m  SELECT "tournaments".* FROM "tournaments"
Completed 200 OK in 13ms (Views: 6.5ms | ActiveRecord: 0.5ms)


Started GET "/api/tournaments.json" for ::1 at 2016-07-18 19:46:01 +0200
Processing by TournamentsController#jsonindex as JSON
  [1m[36mTournament Load (0.4ms)[0m  [1mSELECT "tournaments".* FROM "tournaments"[0m
Completed 200 OK in 2ms (Views: 1.4ms | ActiveRecord: 0.4ms)


Started GET "/" for ::1 at 2016-07-18 19:46:34 +0200
Processing by TournamentsController#index as HTML
  Rendered tournaments/index.html.erb within layouts/application (9.6ms)
Completed 200 OK in 278ms (Views: 277.5ms | ActiveRecord: 0.0ms)


Started GET "/api/tournaments.json" for ::1 at 2016-07-18 19:46:35 +0200
Processing by TournamentsController#jsonindex as JSON
  [1m[35mTournament Load (0.3ms)[0m  SELECT "tournaments".* FROM "tournaments"
Completed 200 OK in 3ms (Views: 2.0ms | ActiveRecord: 0.3ms)


Started GET "/assets/glyphicons-halflings-regular.woff2" for ::1 at 2016-07-18 19:46:35 +0200


Started POST "/api/tournaments" for ::1 at 2016-07-18 19:46:42 +0200

ActionController::RoutingError (No route matches [POST] "/api/tournaments"):
  actionpack (4.2.1) lib/action_dispatch/middleware/debug_exceptions.rb:21:in `call'
  web-console (2.3.0) lib/web_console/middleware.rb:28:in `block in call'
  web-console (2.3.0) lib/web_console/middleware.rb:18:in `catch'
  web-console (2.3.0) lib/web_console/middleware.rb:18:in `call'
  actionpack (4.2.1) lib/action_dispatch/middleware/show_exceptions.rb:30:in `call'
  railties (4.2.1) lib/rails/rack/logger.rb:38:in `call_app'
  railties (4.2.1) lib/rails/rack/logger.rb:20:in `block in call'
  activesupport (4.2.1) lib/active_support/tagged_logging.rb:68:in `block in tagged'
  activesupport (4.2.1) lib/active_support/tagged_logging.rb:26:in `tagged'
  activesupport (4.2.1) lib/active_support/tagged_logging.rb:68:in `tagged'
  railties (4.2.1) lib/rails/rack/logger.rb:20:in `call'
  actionpack (4.2.1) lib/action_dispatch/middleware/request_id.rb:21:in `call'
  rack (1.6.4) lib/rack/methodoverride.rb:22:in `call'
  rack (1.6.4) lib/rack/runtime.rb:18:in `call'
  activesupport (4.2.1) lib/active_support/cache/strategy/local_cache_middleware.rb:28:in `call'
  rack (1.6.4) lib/rack/lock.rb:17:in `call'
  actionpack (4.2.1) lib/action_dispatch/middleware/static.rb:113:in `call'
  rack (1.6.4) lib/rack/sendfile.rb:113:in `call'
  railties (4.2.1) lib/rails/engine.rb:518:in `call'
  railties (4.2.1) lib/rails/application.rb:164:in `call'
  rack (1.6.4) lib/rack/lock.rb:17:in `call'
  rack (1.6.4) lib/rack/content_length.rb:15:in `call'
  rack (1.6.4) lib/rack/handler/webrick.rb:88:in `service'
  /Users/javogel/.rvm/rubies/ruby-2.2.2/lib/ruby/2.2.0/webrick/httpserver.rb:138:in `service'
  /Users/javogel/.rvm/rubies/ruby-2.2.2/lib/ruby/2.2.0/webrick/httpserver.rb:94:in `run'
  /Users/javogel/.rvm/rubies/ruby-2.2.2/lib/ruby/2.2.0/webrick/server.rb:294:in `block in start_thread'


  Rendered /Users/javogel/.rvm/gems/ruby-2.2.2/gems/actionpack-4.2.1/lib/action_dispatch/middleware/templates/rescues/_trace.text.erb (0.6ms)
  Rendered /Users/javogel/.rvm/gems/ruby-2.2.2/gems/actionpack-4.2.1/lib/action_dispatch/middleware/templates/rescues/routing_error.text.erb (16.3ms)


Started GET "/" for ::1 at 2016-07-18 19:46:46 +0200
Processing by TournamentsController#index as HTML
  Rendered tournaments/index.html.erb within layouts/application (1.4ms)
Completed 200 OK in 35ms (Views: 35.1ms | ActiveRecord: 0.0ms)


Started GET "/assets/bootstrap.self-f483ac3b88e1e3370077b698c09eeccfa05db3d0e26a303a9067085517dd829c.css?body=1" for ::1 at 2016-07-18 19:46:46 +0200


Started GET "/assets/application.self-d885a0a66bd595c10edb24f8879f94e334d88be0730c4d7c7a7b57c731c09037.css?body=1" for ::1 at 2016-07-18 19:46:46 +0200


Started GET "/assets/jquery_ujs.self-d602bdfe68ffc63b9f9cc512872aa3cfff046228a0a36e90dd476e8ef54c1b09.js?body=1" for ::1 at 2016-07-18 19:46:46 +0200


Started GET "/assets/jquery.self-c64a74367bda6ef8b860f19e74df08927ca99d2be2ac934e9e92d5fd361e0da4.js?body=1" for ::1 at 2016-07-18 19:46:46 +0200


Started GET "/assets/tournaments.self-f1d54dbf1067216296f8c62cd0d769d2be51dbf4a953369232f3807386d7c07b.css?body=1" for ::1 at 2016-07-18 19:46:46 +0200


Started GET "/assets/jquery_readyselector.self-e8333e4cf02799551960a3d4743eee34a3486889bfb9339716ea7deafb7b5224.js?body=1" for ::1 at 2016-07-18 19:46:46 +0200


Started GET "/assets/build-error-html.self-5fe653b6c12fee9832fa0fde9c3a201b39d4d2e094ffa0494e4545c21260ac84.js?body=1" for ::1 at 2016-07-18 19:46:46 +0200


Started GET "/assets/build-tourney-html.self-ad498f66a5be7bd61752052559cec3db8f612030f0769e16a0b2e8da7a5752fd.js?body=1" for ::1 at 2016-07-18 19:46:46 +0200


Started GET "/assets/tournament-new.self-2c228e2bdf8deb82248a753ebacc70a5d3d96d93e3c6ce75639cf3e4387f9bfd.js?body=1" for ::1 at 2016-07-18 19:46:46 +0200


Started GET "/assets/build-tourney-list-html.self-b543f1c45e64cf6131722a6793a5c941c6738105abbc7cd54724623b02630080.js?body=1" for ::1 at 2016-07-18 19:46:46 +0200


Started GET "/assets/tournaments-index.self-ae549ecf426b408499148430bdede6fc35266bac623ed81d5d000e12363a181a.js?body=1" for ::1 at 2016-07-18 19:46:46 +0200


Started GET "/assets/bootstrap.self-2bbd2c0465f01b1f8270958ddfc2e62a08915f295a35d22df2971eb936cf3c64.js?body=1" for ::1 at 2016-07-18 19:46:46 +0200


Started GET "/assets/tournaments.self-d8ac4eba90c65f43025ec5fba60840863af26310beecab62c6e2983dc07953f9.js?body=1" for ::1 at 2016-07-18 19:46:46 +0200


Started GET "/assets/application.self-f8806224e027f3e3f0138ea9ce99319e298dfdb323304d1f1be6eae8e8c74724.js?body=1" for ::1 at 2016-07-18 19:46:46 +0200


Started GET "/api/tournaments.json" for ::1 at 2016-07-18 19:46:46 +0200
Processing by TournamentsController#jsonindex as JSON
  [1m[36mTournament Load (0.2ms)[0m  [1mSELECT "tournaments".* FROM "tournaments"[0m
Completed 200 OK in 6ms (Views: 5.7ms | ActiveRecord: 0.2ms)


Started GET "/assets/glyphicons-halflings-regular.woff2" for ::1 at 2016-07-18 19:46:46 +0200


Started GET "/" for ::1 at 2016-07-18 20:34:08 +0200
Processing by TournamentsController#index as HTML
  Rendered tournaments/index.html.erb within layouts/application (1.1ms)
Completed 200 OK in 44ms (Views: 43.5ms | ActiveRecord: 0.0ms)


Started GET "/assets/bootstrap.self-f483ac3b88e1e3370077b698c09eeccfa05db3d0e26a303a9067085517dd829c.css?body=1" for ::1 at 2016-07-18 20:34:08 +0200


Started GET "/assets/tournaments.self-f1d54dbf1067216296f8c62cd0d769d2be51dbf4a953369232f3807386d7c07b.css?body=1" for ::1 at 2016-07-18 20:34:08 +0200


Started GET "/assets/bootstrap.self-2bbd2c0465f01b1f8270958ddfc2e62a08915f295a35d22df2971eb936cf3c64.js?body=1" for ::1 at 2016-07-18 20:34:08 +0200


Started GET "/assets/jquery_readyselector.self-e8333e4cf02799551960a3d4743eee34a3486889bfb9339716ea7deafb7b5224.js?body=1" for ::1 at 2016-07-18 20:34:08 +0200


Started GET "/assets/jquery.self-c64a74367bda6ef8b860f19e74df08927ca99d2be2ac934e9e92d5fd361e0da4.js?body=1" for ::1 at 2016-07-18 20:34:08 +0200


Started GET "/assets/jquery_ujs.self-d602bdfe68ffc63b9f9cc512872aa3cfff046228a0a36e90dd476e8ef54c1b09.js?body=1" for ::1 at 2016-07-18 20:34:08 +0200


Started GET "/assets/application.self-d885a0a66bd595c10edb24f8879f94e334d88be0730c4d7c7a7b57c731c09037.css?body=1" for ::1 at 2016-07-18 20:34:08 +0200


Started GET "/assets/build-error-html.self-5fe653b6c12fee9832fa0fde9c3a201b39d4d2e094ffa0494e4545c21260ac84.js?body=1" for ::1 at 2016-07-18 20:34:08 +0200


Started GET "/assets/build-tourney-html.self-ad498f66a5be7bd61752052559cec3db8f612030f0769e16a0b2e8da7a5752fd.js?body=1" for ::1 at 2016-07-18 20:34:08 +0200


Started GET "/assets/build-tourney-list-html.self-b543f1c45e64cf6131722a6793a5c941c6738105abbc7cd54724623b02630080.js?body=1" for ::1 at 2016-07-18 20:34:08 +0200


Started GET "/assets/tournament-new.self-2c228e2bdf8deb82248a753ebacc70a5d3d96d93e3c6ce75639cf3e4387f9bfd.js?body=1" for ::1 at 2016-07-18 20:34:08 +0200


Started GET "/assets/tournaments-index.self-ae549ecf426b408499148430bdede6fc35266bac623ed81d5d000e12363a181a.js?body=1" for ::1 at 2016-07-18 20:34:08 +0200


Started GET "/assets/tournaments.self-d8ac4eba90c65f43025ec5fba60840863af26310beecab62c6e2983dc07953f9.js?body=1" for ::1 at 2016-07-18 20:34:08 +0200


Started GET "/assets/application.self-f8806224e027f3e3f0138ea9ce99319e298dfdb323304d1f1be6eae8e8c74724.js?body=1" for ::1 at 2016-07-18 20:34:08 +0200


Started GET "/api/tournaments.json" for ::1 at 2016-07-18 20:34:08 +0200
Processing by TournamentsController#jsonindex as JSON
  [1m[35mTournament Load (0.5ms)[0m  SELECT "tournaments".* FROM "tournaments"
Completed 200 OK in 20ms (Views: 11.8ms | ActiveRecord: 3.1ms)


Started GET "/assets/glyphicons-halflings-regular.woff2" for ::1 at 2016-07-18 20:34:09 +0200


Started POST "/api/tournaments" for ::1 at 2016-07-18 20:34:12 +0200
Processing by TournamentsController#new as */*
  Parameters: {"utf8"=>"✓", "authenticity_token"=>"808Qqf8afJmP3nRhzcamRPLG7Dgks5p3hq+cpOK76rtutZYTcM/1mjlxC1Z1nzHQW+B+eZxIQ1zc0ZUhOpcUWA==", "tournament"=>{"name"=>"Hello"}}
  [1m[36m (0.1ms)[0m  [1mbegin transaction[0m
  [1m[35mSQL (0.5ms)[0m  INSERT INTO "tournaments" ("name", "created_at", "updated_at") VALUES (?, ?, ?)  [["name", "Hello"], ["created_at", "2016-07-18 18:34:12.325734"], ["updated_at", "2016-07-18 18:34:12.325734"]]
  [1m[36m (5.3ms)[0m  [1mcommit transaction[0m
  Rendered tournaments/index.html.erb within layouts/application (1.5ms)
Completed 200 OK in 89ms (Views: 74.5ms | ActiveRecord: 5.9ms)


Started GET "/" for ::1 at 2016-07-18 21:06:20 +0200
Processing by TournamentsController#index as HTML
  Rendered tournaments/index.html.erb within layouts/application (0.7ms)
Completed 200 OK in 42ms (Views: 42.0ms | ActiveRecord: 0.0ms)


Started GET "/assets/tournaments.self-f1d54dbf1067216296f8c62cd0d769d2be51dbf4a953369232f3807386d7c07b.css?body=1" for ::1 at 2016-07-18 21:06:20 +0200


Started GET "/assets/jquery_readyselector.self-e8333e4cf02799551960a3d4743eee34a3486889bfb9339716ea7deafb7b5224.js?body=1" for ::1 at 2016-07-18 21:06:20 +0200


Started GET "/assets/bootstrap.self-2bbd2c0465f01b1f8270958ddfc2e62a08915f295a35d22df2971eb936cf3c64.js?body=1" for ::1 at 2016-07-18 21:06:20 +0200


Started GET "/assets/build-error-html.self-5fe653b6c12fee9832fa0fde9c3a201b39d4d2e094ffa0494e4545c21260ac84.js?body=1" for ::1 at 2016-07-18 21:06:20 +0200


Started GET "/assets/jquery_ujs.self-d602bdfe68ffc63b9f9cc512872aa3cfff046228a0a36e90dd476e8ef54c1b09.js?body=1" for ::1 at 2016-07-18 21:06:20 +0200


Started GET "/assets/application.self-d885a0a66bd595c10edb24f8879f94e334d88be0730c4d7c7a7b57c731c09037.css?body=1" for ::1 at 2016-07-18 21:06:20 +0200


Started GET "/assets/bootstrap.self-f483ac3b88e1e3370077b698c09eeccfa05db3d0e26a303a9067085517dd829c.css?body=1" for ::1 at 2016-07-18 21:06:20 +0200


Started GET "/assets/jquery.self-c64a74367bda6ef8b860f19e74df08927ca99d2be2ac934e9e92d5fd361e0da4.js?body=1" for ::1 at 2016-07-18 21:06:20 +0200


Started GET "/assets/tournament-new.self-2c228e2bdf8deb82248a753ebacc70a5d3d96d93e3c6ce75639cf3e4387f9bfd.js?body=1" for ::1 at 2016-07-18 21:06:20 +0200


Started GET "/assets/build-tourney-list-html.self-b543f1c45e64cf6131722a6793a5c941c6738105abbc7cd54724623b02630080.js?body=1" for ::1 at 2016-07-18 21:06:20 +0200


Started GET "/assets/build-tourney-html.self-ad498f66a5be7bd61752052559cec3db8f612030f0769e16a0b2e8da7a5752fd.js?body=1" for ::1 at 2016-07-18 21:06:20 +0200


Started GET "/assets/tournaments-index.self-ae549ecf426b408499148430bdede6fc35266bac623ed81d5d000e12363a181a.js?body=1" for ::1 at 2016-07-18 21:06:20 +0200


Started GET "/assets/application.self-f8806224e027f3e3f0138ea9ce99319e298dfdb323304d1f1be6eae8e8c74724.js?body=1" for ::1 at 2016-07-18 21:06:20 +0200


Started GET "/assets/tournaments.self-d8ac4eba90c65f43025ec5fba60840863af26310beecab62c6e2983dc07953f9.js?body=1" for ::1 at 2016-07-18 21:06:20 +0200


Started GET "/api/tournaments.json" for ::1 at 2016-07-18 21:06:20 +0200
Processing by TournamentsController#jsonindex as JSON
  [1m[35mTournament Load (0.2ms)[0m  SELECT "tournaments".* FROM "tournaments"
Completed 200 OK in 3ms (Views: 2.7ms | ActiveRecord: 0.2ms)


Started GET "/assets/glyphicons-halflings-regular.woff2" for ::1 at 2016-07-18 21:06:20 +0200


Started POST "/api/tournaments" for ::1 at 2016-07-18 21:06:23 +0200
Processing by TournamentsController#new as */*
  Parameters: {"utf8"=>"✓", "authenticity_token"=>"Db5j6Rli9C2yHYS/duNJEecgUH6z2kz5auwx6a6135OQROVTlrd9LgSy+4jOut6FTgbCPwshldIwkjhsdpkhcA==", "tournament"=>{"name"=>"john"}}
  [1m[36m (0.1ms)[0m  [1mbegin transaction[0m
  [1m[35mSQL (0.3ms)[0m  INSERT INTO "tournaments" ("name", "created_at", "updated_at") VALUES (?, ?, ?)  [["name", "john"], ["created_at", "2016-07-18 19:06:23.636467"], ["updated_at", "2016-07-18 19:06:23.636467"]]
  [1m[36m (0.8ms)[0m  [1mcommit transaction[0m
  Rendered tournaments/index.html.erb within layouts/application (0.7ms)
Completed 200 OK in 74ms (Views: 70.7ms | ActiveRecord: 1.2ms)


Started GET "/" for ::1 at 2016-07-18 21:08:49 +0200
Processing by TournamentsController#index as HTML
  Rendered tournaments/index.html.erb within layouts/application (1.2ms)
Completed 200 OK in 56ms (Views: 56.0ms | ActiveRecord: 0.0ms)


Started GET "/assets/bootstrap.self-f483ac3b88e1e3370077b698c09eeccfa05db3d0e26a303a9067085517dd829c.css?body=1" for ::1 at 2016-07-18 21:08:49 +0200


Started GET "/assets/application.self-d885a0a66bd595c10edb24f8879f94e334d88be0730c4d7c7a7b57c731c09037.css?body=1" for ::1 at 2016-07-18 21:08:49 +0200


Started GET "/assets/tournaments.self-f1d54dbf1067216296f8c62cd0d769d2be51dbf4a953369232f3807386d7c07b.css?body=1" for ::1 at 2016-07-18 21:08:49 +0200


Started GET "/assets/jquery_ujs.self-d602bdfe68ffc63b9f9cc512872aa3cfff046228a0a36e90dd476e8ef54c1b09.js?body=1" for ::1 at 2016-07-18 21:08:49 +0200


Started GET "/assets/jquery_readyselector.self-e8333e4cf02799551960a3d4743eee34a3486889bfb9339716ea7deafb7b5224.js?body=1" for ::1 at 2016-07-18 21:08:49 +0200


Started GET "/assets/bootstrap.self-2bbd2c0465f01b1f8270958ddfc2e62a08915f295a35d22df2971eb936cf3c64.js?body=1" for ::1 at 2016-07-18 21:08:49 +0200


Started GET "/assets/build-error-html.self-5fe653b6c12fee9832fa0fde9c3a201b39d4d2e094ffa0494e4545c21260ac84.js?body=1" for ::1 at 2016-07-18 21:08:49 +0200


Started GET "/assets/jquery.self-c64a74367bda6ef8b860f19e74df08927ca99d2be2ac934e9e92d5fd361e0da4.js?body=1" for ::1 at 2016-07-18 21:08:49 +0200


Started GET "/assets/build-tourney-html.self-ad498f66a5be7bd61752052559cec3db8f612030f0769e16a0b2e8da7a5752fd.js?body=1" for ::1 at 2016-07-18 21:08:49 +0200


Started GET "/assets/build-tourney-list-html.self-b543f1c45e64cf6131722a6793a5c941c6738105abbc7cd54724623b02630080.js?body=1" for ::1 at 2016-07-18 21:08:49 +0200


Started GET "/assets/tournament-new.self-2c228e2bdf8deb82248a753ebacc70a5d3d96d93e3c6ce75639cf3e4387f9bfd.js?body=1" for ::1 at 2016-07-18 21:08:49 +0200


Started GET "/assets/tournaments.self-d8ac4eba90c65f43025ec5fba60840863af26310beecab62c6e2983dc07953f9.js?body=1" for ::1 at 2016-07-18 21:08:49 +0200


Started GET "/assets/application.self-f8806224e027f3e3f0138ea9ce99319e298dfdb323304d1f1be6eae8e8c74724.js?body=1" for ::1 at 2016-07-18 21:08:49 +0200


Started GET "/assets/tournaments-index.self-ae549ecf426b408499148430bdede6fc35266bac623ed81d5d000e12363a181a.js?body=1" for ::1 at 2016-07-18 21:08:49 +0200


Started GET "/api/tournaments.json" for ::1 at 2016-07-18 21:08:49 +0200
Processing by TournamentsController#jsonindex as JSON
  [1m[35mTournament Load (0.5ms)[0m  SELECT "tournaments".* FROM "tournaments"
Completed 200 OK in 26ms (Views: 9.9ms | ActiveRecord: 1.0ms)


Started GET "/assets/glyphicons-halflings-regular.woff2" for ::1 at 2016-07-18 21:08:49 +0200


Started POST "/api/tournaments" for ::1 at 2016-07-18 21:08:55 +0200
Processing by TournamentsController#new as */*
  Parameters: {"utf8"=>"✓", "authenticity_token"=>"YqaORKY7iK8j+CpPdU5KEubrSunKuEOgz2lIDzZvg17/XAj+Ke4BrJVXVXjNF92GT83YqHJDmouVF0GK7kN9vQ==", "tournament"=>{"name"=>"Maynard"}}
  [1m[36m (0.1ms)[0m  [1mbegin transaction[0m
  [1m[35mSQL (0.8ms)[0m  INSERT INTO "tournaments" ("name", "created_at", "updated_at") VALUES (?, ?, ?)  [["name", "Maynard"], ["created_at", "2016-07-18 19:08:55.271952"], ["updated_at", "2016-07-18 19:08:55.271952"]]
  [1m[36m (0.9ms)[0m  [1mcommit transaction[0m
Completed 200 OK in 6ms (Views: 0.4ms | ActiveRecord: 1.8ms)


Started GET "/" for ::1 at 2016-07-18 21:11:56 +0200
Processing by TournamentsController#index as HTML
  Rendered tournaments/index.html.erb within layouts/application (0.7ms)
Completed 200 OK in 178ms (Views: 177.8ms | ActiveRecord: 0.0ms)


Started GET "/assets/bootstrap.self-f483ac3b88e1e3370077b698c09eeccfa05db3d0e26a303a9067085517dd829c.css?body=1" for ::1 at 2016-07-18 21:11:56 +0200


Started GET "/assets/tournaments.self-f1d54dbf1067216296f8c62cd0d769d2be51dbf4a953369232f3807386d7c07b.css?body=1" for ::1 at 2016-07-18 21:11:56 +0200


Started GET "/assets/application.self-d885a0a66bd595c10edb24f8879f94e334d88be0730c4d7c7a7b57c731c09037.css?body=1" for ::1 at 2016-07-18 21:11:56 +0200


Started GET "/assets/jquery_readyselector.self-e8333e4cf02799551960a3d4743eee34a3486889bfb9339716ea7deafb7b5224.js?body=1" for ::1 at 2016-07-18 21:11:56 +0200


Started GET "/assets/jquery.self-c64a74367bda6ef8b860f19e74df08927ca99d2be2ac934e9e92d5fd361e0da4.js?body=1" for ::1 at 2016-07-18 21:11:56 +0200


Started GET "/assets/jquery_ujs.self-d602bdfe68ffc63b9f9cc512872aa3cfff046228a0a36e90dd476e8ef54c1b09.js?body=1" for ::1 at 2016-07-18 21:11:56 +0200


Started GET "/assets/bootstrap.self-2bbd2c0465f01b1f8270958ddfc2e62a08915f295a35d22df2971eb936cf3c64.js?body=1" for ::1 at 2016-07-18 21:11:56 +0200


Started GET "/assets/build-error-html.self-5fe653b6c12fee9832fa0fde9c3a201b39d4d2e094ffa0494e4545c21260ac84.js?body=1" for ::1 at 2016-07-18 21:11:56 +0200


Started GET "/assets/tournament-new.self-df31c1e56d699dd30523f0b381e136bdc42cbc5bdb4ecce93cdde26f56772467.js?body=1" for ::1 at 2016-07-18 21:11:56 +0200


Started GET "/assets/build-tourney-html.self-ad498f66a5be7bd61752052559cec3db8f612030f0769e16a0b2e8da7a5752fd.js?body=1" for ::1 at 2016-07-18 21:11:56 +0200


Started GET "/assets/build-tourney-list-html.self-b543f1c45e64cf6131722a6793a5c941c6738105abbc7cd54724623b02630080.js?body=1" for ::1 at 2016-07-18 21:11:56 +0200


Started GET "/assets/tournaments-index.self-ae549ecf426b408499148430bdede6fc35266bac623ed81d5d000e12363a181a.js?body=1" for ::1 at 2016-07-18 21:11:56 +0200


Started GET "/assets/application.self-f8806224e027f3e3f0138ea9ce99319e298dfdb323304d1f1be6eae8e8c74724.js?body=1" for ::1 at 2016-07-18 21:11:56 +0200


Started GET "/assets/tournaments.self-d8ac4eba90c65f43025ec5fba60840863af26310beecab62c6e2983dc07953f9.js?body=1" for ::1 at 2016-07-18 21:11:56 +0200


Started GET "/api/tournaments.json" for ::1 at 2016-07-18 21:11:56 +0200
Processing by TournamentsController#jsonindex as JSON
  [1m[35mTournament Load (0.3ms)[0m  SELECT "tournaments".* FROM "tournaments"
Completed 200 OK in 5ms (Views: 3.8ms | ActiveRecord: 0.3ms)


Started GET "/assets/glyphicons-halflings-regular.woff2" for ::1 at 2016-07-18 21:11:56 +0200


Started POST "/api/tournaments" for ::1 at 2016-07-18 21:12:02 +0200
Processing by TournamentsController#new as */*
  Parameters: {"utf8"=>"✓", "authenticity_token"=>"PLX80cbJsIX0uMqHQe6so85IAG73EqFqr8mD0SCZfEuhT3prSRw5hkIXtbD5tzs3Z26SL0/peEH1t4pU+LWCqA==", "tournament"=>{"name"=>"mayor"}}
  [1m[36m (0.1ms)[0m  [1mbegin transaction[0m
  [1m[35mSQL (0.3ms)[0m  INSERT INTO "tournaments" ("name", "created_at", "updated_at") VALUES (?, ?, ?)  [["name", "mayor"], ["created_at", "2016-07-18 19:12:02.348067"], ["updated_at", "2016-07-18 19:12:02.348067"]]
  [1m[36m (2.0ms)[0m  [1mcommit transaction[0m
Completed 200 OK in 5ms (Views: 0.3ms | ActiveRecord: 2.4ms)


Started GET "/assets/bootstrap.css.map" for ::1 at 2016-07-18 21:12:06 +0200


Started GET "/" for ::1 at 2016-07-18 21:17:19 +0200
Processing by TournamentsController#index as HTML
  Rendered tournaments/index.html.erb within layouts/application (0.6ms)
Completed 200 OK in 41ms (Views: 41.0ms | ActiveRecord: 0.0ms)


Started GET "/assets/bootstrap.self-f483ac3b88e1e3370077b698c09eeccfa05db3d0e26a303a9067085517dd829c.css?body=1" for ::1 at 2016-07-18 21:17:19 +0200


Started GET "/assets/tournaments.self-f1d54dbf1067216296f8c62cd0d769d2be51dbf4a953369232f3807386d7c07b.css?body=1" for ::1 at 2016-07-18 21:17:19 +0200


Started GET "/assets/application.self-d885a0a66bd595c10edb24f8879f94e334d88be0730c4d7c7a7b57c731c09037.css?body=1" for ::1 at 2016-07-18 21:17:19 +0200


Started GET "/assets/jquery.self-c64a74367bda6ef8b860f19e74df08927ca99d2be2ac934e9e92d5fd361e0da4.js?body=1" for ::1 at 2016-07-18 21:17:19 +0200


Started GET "/assets/jquery_ujs.self-d602bdfe68ffc63b9f9cc512872aa3cfff046228a0a36e90dd476e8ef54c1b09.js?body=1" for ::1 at 2016-07-18 21:17:19 +0200


Started GET "/assets/jquery_readyselector.self-e8333e4cf02799551960a3d4743eee34a3486889bfb9339716ea7deafb7b5224.js?body=1" for ::1 at 2016-07-18 21:17:19 +0200


Started GET "/assets/build-error-html.self-5fe653b6c12fee9832fa0fde9c3a201b39d4d2e094ffa0494e4545c21260ac84.js?body=1" for ::1 at 2016-07-18 21:17:19 +0200


Started GET "/assets/build-tourney-html.self-ad498f66a5be7bd61752052559cec3db8f612030f0769e16a0b2e8da7a5752fd.js?body=1" for ::1 at 2016-07-18 21:17:19 +0200


Started GET "/assets/tournament-new.self-df31c1e56d699dd30523f0b381e136bdc42cbc5bdb4ecce93cdde26f56772467.js?body=1" for ::1 at 2016-07-18 21:17:19 +0200


Started GET "/assets/tournaments.self-d8ac4eba90c65f43025ec5fba60840863af26310beecab62c6e2983dc07953f9.js?body=1" for ::1 at 2016-07-18 21:17:19 +0200


Started GET "/assets/tournaments-index.self-ae549ecf426b408499148430bdede6fc35266bac623ed81d5d000e12363a181a.js?body=1" for ::1 at 2016-07-18 21:17:19 +0200


Started GET "/assets/application.self-f8806224e027f3e3f0138ea9ce99319e298dfdb323304d1f1be6eae8e8c74724.js?body=1" for ::1 at 2016-07-18 21:17:19 +0200


Started GET "/assets/build-tourney-list-html.self-b543f1c45e64cf6131722a6793a5c941c6738105abbc7cd54724623b02630080.js?body=1" for ::1 at 2016-07-18 21:17:19 +0200


Started GET "/assets/bootstrap.self-2bbd2c0465f01b1f8270958ddfc2e62a08915f295a35d22df2971eb936cf3c64.js?body=1" for ::1 at 2016-07-18 21:17:19 +0200


Started GET "/assets/bootstrap.css.map" for ::1 at 2016-07-18 21:17:19 +0200


Started GET "/api/tournaments.json" for ::1 at 2016-07-18 21:17:19 +0200
Processing by TournamentsController#jsonindex as JSON
  [1m[35mTournament Load (0.7ms)[0m  SELECT "tournaments".* FROM "tournaments"
Completed 200 OK in 12ms (Views: 10.6ms | ActiveRecord: 0.7ms)


Started GET "/assets/glyphicons-halflings-regular.woff2" for ::1 at 2016-07-18 21:17:19 +0200


Started POST "/api/tournaments" for ::1 at 2016-07-18 21:17:25 +0200
Processing by TournamentsController#new as */*
  Parameters: {"utf8"=>"✓", "authenticity_token"=>"nz4ptjxGtVI+UiO/4jI9CM0MylMLo3lapozv1hzQhEwCxK8Ms5M8UYj9XIhaa6qcZCpYErNYoHH88uZTxPx6rw==", "tournament"=>{"name"=>"johannus"}}
  [1m[36m (0.1ms)[0m  [1mbegin transaction[0m
  [1m[35mSQL (0.3ms)[0m  INSERT INTO "tournaments" ("name", "created_at", "updated_at") VALUES (?, ?, ?)  [["name", "johannus"], ["created_at", "2016-07-18 19:17:25.343589"], ["updated_at", "2016-07-18 19:17:25.343589"]]
  [1m[36m (0.9ms)[0m  [1mcommit transaction[0m
Completed 200 OK in 4ms (Views: 0.5ms | ActiveRecord: 1.3ms)


Started GET "/" for ::1 at 2016-07-18 21:18:02 +0200
Processing by TournamentsController#index as HTML
  Rendered tournaments/index.html.erb within layouts/application (0.6ms)
Completed 200 OK in 176ms (Views: 175.9ms | ActiveRecord: 0.0ms)


Started GET "/assets/bootstrap.self-f483ac3b88e1e3370077b698c09eeccfa05db3d0e26a303a9067085517dd829c.css?body=1" for ::1 at 2016-07-18 21:18:02 +0200


Started GET "/assets/tournaments.self-f1d54dbf1067216296f8c62cd0d769d2be51dbf4a953369232f3807386d7c07b.css?body=1" for ::1 at 2016-07-18 21:18:02 +0200


Started GET "/assets/application.self-d885a0a66bd595c10edb24f8879f94e334d88be0730c4d7c7a7b57c731c09037.css?body=1" for ::1 at 2016-07-18 21:18:02 +0200


Started GET "/assets/jquery.self-c64a74367bda6ef8b860f19e74df08927ca99d2be2ac934e9e92d5fd361e0da4.js?body=1" for ::1 at 2016-07-18 21:18:02 +0200


Started GET "/assets/jquery_ujs.self-d602bdfe68ffc63b9f9cc512872aa3cfff046228a0a36e90dd476e8ef54c1b09.js?body=1" for ::1 at 2016-07-18 21:18:02 +0200


Started GET "/assets/jquery_readyselector.self-e8333e4cf02799551960a3d4743eee34a3486889bfb9339716ea7deafb7b5224.js?body=1" for ::1 at 2016-07-18 21:18:02 +0200


Started GET "/assets/bootstrap.self-2bbd2c0465f01b1f8270958ddfc2e62a08915f295a35d22df2971eb936cf3c64.js?body=1" for ::1 at 2016-07-18 21:18:02 +0200


Started GET "/assets/build-error-html.self-5fe653b6c12fee9832fa0fde9c3a201b39d4d2e094ffa0494e4545c21260ac84.js?body=1" for ::1 at 2016-07-18 21:18:02 +0200


Started GET "/assets/build-tourney-html.self-ad498f66a5be7bd61752052559cec3db8f612030f0769e16a0b2e8da7a5752fd.js?body=1" for ::1 at 2016-07-18 21:18:02 +0200


Started GET "/assets/build-tourney-list-html.self-b543f1c45e64cf6131722a6793a5c941c6738105abbc7cd54724623b02630080.js?body=1" for ::1 at 2016-07-18 21:18:02 +0200


Started GET "/assets/tournament-new.self-897c8537d2f1e191cf3b69a009020a1ff7c60bb6ffb98fb7be5e1912c6025718.js?body=1" for ::1 at 2016-07-18 21:18:02 +0200


Started GET "/assets/tournaments-index.self-ae549ecf426b408499148430bdede6fc35266bac623ed81d5d000e12363a181a.js?body=1" for ::1 at 2016-07-18 21:18:02 +0200


Started GET "/assets/application.self-f8806224e027f3e3f0138ea9ce99319e298dfdb323304d1f1be6eae8e8c74724.js?body=1" for ::1 at 2016-07-18 21:18:02 +0200


Started GET "/assets/tournaments.self-d8ac4eba90c65f43025ec5fba60840863af26310beecab62c6e2983dc07953f9.js?body=1" for ::1 at 2016-07-18 21:18:02 +0200


Started GET "/assets/bootstrap.css.map" for ::1 at 2016-07-18 21:18:02 +0200


Started GET "/api/tournaments.json" for ::1 at 2016-07-18 21:18:03 +0200
Processing by TournamentsController#jsonindex as JSON
  [1m[35mTournament Load (0.3ms)[0m  SELECT "tournaments".* FROM "tournaments"
Completed 200 OK in 4ms (Views: 3.3ms | ActiveRecord: 0.3ms)


Started GET "/assets/glyphicons-halflings-regular.woff2" for ::1 at 2016-07-18 21:18:03 +0200


Started POST "/api/tournaments" for ::1 at 2016-07-18 21:18:08 +0200
Processing by TournamentsController#new as */*
  Parameters: {"utf8"=>"✓", "authenticity_token"=>"3Itesgq7AxjDxKRmDbmhOgIGhHpCJ+KMor+dZtfcbwZBcdgIhW6KG3Vr21G14DauqyAWO/rcO6f4wZTjD/CR5Q==", "tournament"=>{"name"=>"mayorga"}}
  [1m[36m (0.1ms)[0m  [1mbegin transaction[0m
  [1m[35mSQL (0.3ms)[0m  INSERT INTO "tournaments" ("name", "created_at", "updated_at") VALUES (?, ?, ?)  [["name", "mayorga"], ["created_at", "2016-07-18 19:18:08.273041"], ["updated_at", "2016-07-18 19:18:08.273041"]]
  [1m[36m (0.7ms)[0m  [1mcommit transaction[0m
Completed 200 OK in 4ms (Views: 0.4ms | ActiveRecord: 1.1ms)


Started GET "/" for ::1 at 2016-07-18 21:18:41 +0200
Processing by TournamentsController#index as HTML
  Rendered tournaments/index.html.erb within layouts/application (0.6ms)
Completed 200 OK in 165ms (Views: 164.8ms | ActiveRecord: 0.0ms)


Started GET "/assets/application.self-d885a0a66bd595c10edb24f8879f94e334d88be0730c4d7c7a7b57c731c09037.css?body=1" for ::1 at 2016-07-18 21:18:41 +0200


Started GET "/assets/bootstrap.self-f483ac3b88e1e3370077b698c09eeccfa05db3d0e26a303a9067085517dd829c.css?body=1" for ::1 at 2016-07-18 21:18:41 +0200


Started GET "/assets/tournaments.self-f1d54dbf1067216296f8c62cd0d769d2be51dbf4a953369232f3807386d7c07b.css?body=1" for ::1 at 2016-07-18 21:18:41 +0200


Started GET "/assets/jquery.self-c64a74367bda6ef8b860f19e74df08927ca99d2be2ac934e9e92d5fd361e0da4.js?body=1" for ::1 at 2016-07-18 21:18:41 +0200


Started GET "/assets/tournament-new.self-e09eac96e183bbdbf66e5299d18c50f781ee8690cab1e7207fe61da73685ab00.js?body=1" for ::1 at 2016-07-18 21:18:41 +0200


Started GET "/assets/jquery_ujs.self-d602bdfe68ffc63b9f9cc512872aa3cfff046228a0a36e90dd476e8ef54c1b09.js?body=1" for ::1 at 2016-07-18 21:18:41 +0200


Started GET "/assets/bootstrap.self-2bbd2c0465f01b1f8270958ddfc2e62a08915f295a35d22df2971eb936cf3c64.js?body=1" for ::1 at 2016-07-18 21:18:41 +0200


Started GET "/assets/build-error-html.self-5fe653b6c12fee9832fa0fde9c3a201b39d4d2e094ffa0494e4545c21260ac84.js?body=1" for ::1 at 2016-07-18 21:18:41 +0200


Started GET "/assets/jquery_readyselector.self-e8333e4cf02799551960a3d4743eee34a3486889bfb9339716ea7deafb7b5224.js?body=1" for ::1 at 2016-07-18 21:18:41 +0200


Started GET "/assets/build-tourney-html.self-ad498f66a5be7bd61752052559cec3db8f612030f0769e16a0b2e8da7a5752fd.js?body=1" for ::1 at 2016-07-18 21:18:41 +0200


Started GET "/assets/build-tourney-list-html.self-b543f1c45e64cf6131722a6793a5c941c6738105abbc7cd54724623b02630080.js?body=1" for ::1 at 2016-07-18 21:18:41 +0200


Started GET "/assets/tournaments-index.self-ae549ecf426b408499148430bdede6fc35266bac623ed81d5d000e12363a181a.js?body=1" for ::1 at 2016-07-18 21:18:41 +0200


Started GET "/assets/tournaments.self-d8ac4eba90c65f43025ec5fba60840863af26310beecab62c6e2983dc07953f9.js?body=1" for ::1 at 2016-07-18 21:18:41 +0200


Started GET "/assets/application.self-f8806224e027f3e3f0138ea9ce99319e298dfdb323304d1f1be6eae8e8c74724.js?body=1" for ::1 at 2016-07-18 21:18:41 +0200


Started GET "/assets/bootstrap.css.map" for ::1 at 2016-07-18 21:18:41 +0200


Started GET "/api/tournaments.json" for ::1 at 2016-07-18 21:18:41 +0200
Processing by TournamentsController#jsonindex as JSON
  [1m[35mTournament Load (0.3ms)[0m  SELECT "tournaments".* FROM "tournaments"
Completed 200 OK in 5ms (Views: 4.1ms | ActiveRecord: 0.3ms)


Started GET "/assets/glyphicons-halflings-regular.woff2" for ::1 at 2016-07-18 21:18:41 +0200


Started POST "/api/tournaments" for ::1 at 2016-07-18 21:18:46 +0200
Processing by TournamentsController#new as */*
  Parameters: {"utf8"=>"✓", "authenticity_token"=>"c9toU+31gsdUuIkHf++QjlXJEqbh27GaYTi4X178CwfuIe7pYiALxOIX9jDHtgca/O+A51kgaLE7RrHahtD15A==", "tournament"=>{"name"=>"blah blah"}}
  [1m[36m (0.1ms)[0m  [1mbegin transaction[0m
  [1m[35mSQL (0.3ms)[0m  INSERT INTO "tournaments" ("name", "created_at", "updated_at") VALUES (?, ?, ?)  [["name", "blah blah"], ["created_at", "2016-07-18 19:18:46.290887"], ["updated_at", "2016-07-18 19:18:46.290887"]]
  [1m[36m (0.8ms)[0m  [1mcommit transaction[0m
Completed 200 OK in 4ms (Views: 0.6ms | ActiveRecord: 1.2ms)
